.probe
  .back_absorption = back_absorption J395_dfs01_v2 = 1
  .background = background J395_dfs01_v2 = 0
  .intensity = intensity J395_dfs01_v2 = 1.04776 in [0.9,1.1]
  .sample_broadening = sample_broadening J395_dfs01_v2 = 0.00259682 in [0,0.06]
  .theta_offset = theta_offset J395_dfs01_v2 = 0.00516843 in [-0.01,0.01]
.sample
  .layers
    [0]
      .interface = STO interface = 19.9216 in [1,30]
      .material
        .irho = STO irho = 0
        .rho = STO rho = 3.53
      .thickness = STO thickness = 100
    [1]
      .interface = NdNiO3 interface = 5.29413 in [1,15]
      .material
        .irho = NdNiO3 irho = 0
        .rho = NdNiO3 rho = 5.60825 in [4,7]
      .thickness = NdNiO3 thickness = 54.1849 in [10,200]
    [2]
      .interface = NdNiO3 interface = 5.29413 in [1,15]
      .material
        .irho = NdNiO3 1 irho = 0
        .rho = NdNiO3 1 rho = 5.17423 in [4,7]
      .thickness = NdNiO3 1 thickness = 63.8614 in [20,150]
    [3]
      .interface = NdNiO3 interface = 5.29413 in [1,15]
      .material
        .irho = NdNiO3 2 irho = 0
        .rho = NdNiO3 2 rho = 4.16298 in [3,7]
      .thickness = NdNiO3 2 thickness = 39.7927 in [20,150]
    [4]
      .interface = air interface = 0
      .material = None
      .thickness = air thickness = 0
  .thickness = stack thickness = 257.839

[chisq=2.519(40), nllf=395.406]
